2022-05-13 09:44:35:scripts.lib_firmware:5392:64ERROR Не удалось записать данные во флеш [187, 1, 0, 7, 32, 180, 229, 65, 0, 136]
2022-05-13 09:44:35:scripts.lib_firmware:5392:277ERROR Error anch 7
2022-05-13 09:49:19:scripts.lib_firmware:9740:64ERROR Не удалось записать данные во флеш [187, 1, 0, 7, 32, 180, 229, 212, 0, 148]
2022-05-13 09:49:19:scripts.lib_firmware:9740:277ERROR Error anch 7
2022-05-13 09:51:05:scripts.lib_firmware:11024:285ERROR started anchor 1 didn`t answer 10 times 178
2022-05-13 09:51:06:scripts.lib_firmware:11024:285ERROR started anchor 2 didn`t answer 10 times 178
2022-05-13 09:51:08:scripts.lib_firmware:11024:285ERROR started anchor 3 didn`t answer 10 times 178
2022-05-13 09:51:09:scripts.lib_firmware:11024:285ERROR started anchor 4 didn`t answer 10 times 178
2022-05-13 09:51:11:scripts.lib_firmware:11024:285ERROR started anchor 5 didn`t answer 10 times 178
2022-05-13 09:51:12:scripts.lib_firmware:11024:285ERROR started anchor 6 didn`t answer 10 times 178
2022-05-13 09:51:22:scripts.lib_firmware:11024:64ERROR Не удалось записать данные во флеш [187, 1, 0, 7, 32, 180, 229, 212, 0, 148]
2022-05-13 09:51:22:scripts.lib_firmware:11024:277ERROR Error anch 7
2022-05-13 10:00:26:scripts.lib_firmware:3016:285ERROR started anchor 1 didn`t answer 10 times 178
2022-05-13 10:00:27:scripts.lib_firmware:3016:285ERROR started anchor 2 didn`t answer 10 times 178
2022-05-13 10:00:29:scripts.lib_firmware:3016:285ERROR started anchor 3 didn`t answer 10 times 178
2022-05-13 10:00:30:scripts.lib_firmware:3016:285ERROR started anchor 4 didn`t answer 10 times 178
2022-05-13 10:00:32:scripts.lib_firmware:3016:285ERROR started anchor 5 didn`t answer 10 times 178
2022-05-13 10:00:33:scripts.lib_firmware:3016:285ERROR started anchor 6 didn`t answer 10 times 178
2022-05-13 10:00:35:scripts.lib_firmware:3016:335ERROR started anchor 7 didn`t answer 10 times 179
2022-05-13 10:11:34:scripts.lib_firmware:12436:285ERROR started anchor 1 didn`t answer 10 times 178
2022-05-13 10:11:36:scripts.lib_firmware:12436:285ERROR started anchor 2 didn`t answer 10 times 178
2022-05-13 10:11:37:scripts.lib_firmware:12436:285ERROR started anchor 3 didn`t answer 10 times 178
2022-05-13 10:11:38:scripts.lib_firmware:12436:285ERROR started anchor 4 didn`t answer 10 times 178
2022-05-13 10:11:40:scripts.lib_firmware:12436:285ERROR started anchor 5 didn`t answer 10 times 178
2022-05-13 10:11:41:scripts.lib_firmware:12436:285ERROR started anchor 6 didn`t answer 10 times 178
2022-05-13 10:11:51:scripts.lib_firmware:12436:55ERROR Флеш не очищена [187, 1, 0, 7, 32, 180, 226, 0, 0, 164]
2022-05-13 10:11:51:scripts.lib_firmware:12436:277ERROR Error anch 7
2022-05-13 10:13:09:scripts.lib_firmware:11084:285ERROR started anchor 1 didn`t answer 10 times 178
2022-05-13 10:13:10:scripts.lib_firmware:11084:285ERROR started anchor 2 didn`t answer 10 times 178
2022-05-13 10:13:12:scripts.lib_firmware:11084:285ERROR started anchor 3 didn`t answer 10 times 178
2022-05-13 10:13:13:scripts.lib_firmware:11084:285ERROR started anchor 4 didn`t answer 10 times 178
2022-05-13 10:13:15:scripts.lib_firmware:11084:285ERROR started anchor 5 didn`t answer 10 times 178
2022-05-13 10:13:16:scripts.lib_firmware:11084:285ERROR started anchor 6 didn`t answer 10 times 178
2022-05-13 10:13:18:scripts.lib_firmware:11084:335ERROR started anchor 7 didn`t answer 10 times 179
2022-05-13 10:14:54:scripts.lib_firmware:12216:285ERROR started anchor 1 didn`t answer 10 times 178
2022-05-13 10:14:56:scripts.lib_firmware:12216:285ERROR started anchor 2 didn`t answer 10 times 178
2022-05-13 10:14:57:scripts.lib_firmware:12216:285ERROR started anchor 3 didn`t answer 10 times 178
2022-05-13 10:14:59:scripts.lib_firmware:12216:285ERROR started anchor 4 didn`t answer 10 times 178
2022-05-13 10:15:00:scripts.lib_firmware:12216:285ERROR started anchor 5 didn`t answer 10 times 178
2022-05-13 10:15:01:scripts.lib_firmware:12216:285ERROR started anchor 6 didn`t answer 10 times 178
2022-05-13 10:16:04:scripts.lib_firmware:12216:55ERROR Флеш не очищена [187, 1, 0, 7, 32, 180, 226, 0, 0, 164]
2022-05-13 10:16:04:scripts.lib_firmware:12216:277ERROR Error anch 7
2022-05-13 10:16:23:scripts.lib_firmware:10140:285ERROR started anchor 1 didn`t answer 10 times 178
2022-05-13 10:16:24:scripts.lib_firmware:10140:285ERROR started anchor 2 didn`t answer 10 times 178
2022-05-13 10:16:26:scripts.lib_firmware:10140:285ERROR started anchor 3 didn`t answer 10 times 178
2022-05-13 10:16:27:scripts.lib_firmware:10140:285ERROR started anchor 4 didn`t answer 10 times 178
2022-05-13 10:16:29:scripts.lib_firmware:10140:285ERROR started anchor 5 didn`t answer 10 times 178
2022-05-13 10:16:30:scripts.lib_firmware:10140:285ERROR started anchor 6 didn`t answer 10 times 178
2022-05-13 10:17:18:scripts.lib_firmware:10140:55ERROR Флеш не очищена [187, 1, 0, 7, 32, 180, 226, 0, 0, 164]
2022-05-13 10:17:18:scripts.lib_firmware:10140:277ERROR Error anch 7
2022-05-13 10:17:31:scripts.lib_firmware:6988:285ERROR started anchor 1 didn`t answer 10 times 178
2022-05-13 10:17:32:scripts.lib_firmware:6988:285ERROR started anchor 2 didn`t answer 10 times 178
2022-05-13 10:17:34:scripts.lib_firmware:6988:285ERROR started anchor 3 didn`t answer 10 times 178
2022-05-13 10:17:35:scripts.lib_firmware:6988:285ERROR started anchor 4 didn`t answer 10 times 178
2022-05-13 10:17:36:scripts.lib_firmware:6988:285ERROR started anchor 5 didn`t answer 10 times 178
2022-05-13 10:17:38:scripts.lib_firmware:6988:285ERROR started anchor 6 didn`t answer 10 times 178
2022-05-13 10:17:47:scripts.lib_firmware:6988:55ERROR Флеш не очищена [187, 1, 0, 7, 32, 180, 226, 0, 0, 164]
2022-05-13 10:17:47:scripts.lib_firmware:6988:277ERROR Error anch 7
2022-05-13 10:17:57:scripts.lib_firmware:5596:285ERROR started anchor 1 didn`t answer 10 times 178
2022-05-13 10:17:59:scripts.lib_firmware:5596:285ERROR started anchor 2 didn`t answer 10 times 178
2022-05-13 10:18:00:scripts.lib_firmware:5596:285ERROR started anchor 3 didn`t answer 10 times 178
2022-05-13 10:18:02:scripts.lib_firmware:5596:285ERROR started anchor 4 didn`t answer 10 times 178
2022-05-13 10:18:03:scripts.lib_firmware:5596:285ERROR started anchor 5 didn`t answer 10 times 178
2022-05-13 10:18:05:scripts.lib_firmware:5596:285ERROR started anchor 6 didn`t answer 10 times 178
2022-05-13 10:18:14:scripts.lib_firmware:5596:55ERROR Флеш не очищена [187, 1, 0, 7, 32, 180, 226, 0, 0, 164]
2022-05-13 10:18:14:scripts.lib_firmware:5596:277ERROR Error anch 7
2022-05-13 10:20:20:scripts.lib_firmware:6388:285ERROR started anchor 1 didn`t answer 10 times 178
2022-05-13 10:20:21:scripts.lib_firmware:6388:285ERROR started anchor 2 didn`t answer 10 times 178
2022-05-13 10:20:23:scripts.lib_firmware:6388:285ERROR started anchor 3 didn`t answer 10 times 178
2022-05-13 10:20:24:scripts.lib_firmware:6388:285ERROR started anchor 4 didn`t answer 10 times 178
2022-05-13 10:20:26:scripts.lib_firmware:6388:285ERROR started anchor 5 didn`t answer 10 times 178
2022-05-13 10:20:27:scripts.lib_firmware:6388:285ERROR started anchor 6 didn`t answer 10 times 178
2022-05-13 10:20:36:scripts.lib_firmware:6388:55ERROR Флеш не очищена [187, 1, 0, 7, 32, 180, 226, 0, 0, 164]
2022-05-13 10:20:36:scripts.lib_firmware:6388:277ERROR Error anch 7
2022-05-13 10:29:22:scripts.lib_firmware:9328:285ERROR started anchor 1 didn`t answer 10 times 178
2022-05-13 10:29:24:scripts.lib_firmware:9328:285ERROR started anchor 2 didn`t answer 10 times 178
2022-05-13 10:29:25:scripts.lib_firmware:9328:285ERROR started anchor 3 didn`t answer 10 times 178
2022-05-13 10:29:27:scripts.lib_firmware:9328:285ERROR started anchor 4 didn`t answer 10 times 178
2022-05-13 10:29:28:scripts.lib_firmware:9328:285ERROR started anchor 5 didn`t answer 10 times 178
2022-05-13 10:29:30:scripts.lib_firmware:9328:285ERROR started anchor 6 didn`t answer 10 times 178
2022-05-13 10:29:39:scripts.lib_firmware:9328:55ERROR Флеш не очищена [187, 1, 0, 7, 32, 180, 226, 0, 0, 164]
2022-05-13 10:29:39:scripts.lib_firmware:9328:277ERROR Error anch 7
2022-05-13 10:30:58:scripts.lib_firmware:2256:285ERROR started anchor 1 didn`t answer 10 times 178
2022-05-13 10:30:59:scripts.lib_firmware:2256:285ERROR started anchor 2 didn`t answer 10 times 178
2022-05-13 10:31:01:scripts.lib_firmware:2256:285ERROR started anchor 3 didn`t answer 10 times 178
2022-05-13 10:31:02:scripts.lib_firmware:2256:285ERROR started anchor 4 didn`t answer 10 times 178
2022-05-13 10:31:04:scripts.lib_firmware:2256:285ERROR started anchor 5 didn`t answer 10 times 178
2022-05-13 10:31:05:scripts.lib_firmware:2256:285ERROR started anchor 6 didn`t answer 10 times 178
2022-05-13 10:31:14:scripts.lib_firmware:2256:55ERROR Флеш не очищена [187, 1, 0, 7, 32, 180, 226, 0, 0, 164]
2022-05-13 10:31:14:scripts.lib_firmware:2256:277ERROR Error anch 7
2022-05-13 10:31:22:scripts.lib_firmware:12216:285ERROR started anchor 1 didn`t answer 10 times 178
2022-05-13 10:31:23:scripts.lib_firmware:12216:285ERROR started anchor 2 didn`t answer 10 times 178
2022-05-13 10:31:25:scripts.lib_firmware:12216:285ERROR started anchor 3 didn`t answer 10 times 178
2022-05-13 10:31:26:scripts.lib_firmware:12216:285ERROR started anchor 4 didn`t answer 10 times 178
2022-05-13 10:31:28:scripts.lib_firmware:12216:285ERROR started anchor 5 didn`t answer 10 times 178
2022-05-13 10:31:29:scripts.lib_firmware:12216:285ERROR started anchor 6 didn`t answer 10 times 178
2022-05-13 10:31:39:scripts.lib_firmware:12216:55ERROR Флеш не очищена [187, 1, 0, 7, 32, 180, 226, 0, 0, 164]
2022-05-13 10:31:39:scripts.lib_firmware:12216:277ERROR Error anch 7
2022-05-13 10:31:45:scripts.lib_firmware:10000:285ERROR started anchor 1 didn`t answer 10 times 178
2022-05-13 10:31:46:scripts.lib_firmware:10000:285ERROR started anchor 2 didn`t answer 10 times 178
2022-05-13 10:31:48:scripts.lib_firmware:10000:285ERROR started anchor 3 didn`t answer 10 times 178
2022-05-13 10:31:49:scripts.lib_firmware:10000:285ERROR started anchor 4 didn`t answer 10 times 178
2022-05-13 10:31:51:scripts.lib_firmware:10000:285ERROR started anchor 5 didn`t answer 10 times 178
2022-05-13 10:31:52:scripts.lib_firmware:10000:285ERROR started anchor 6 didn`t answer 10 times 178
2022-05-13 10:32:01:scripts.lib_firmware:10000:55ERROR Флеш не очищена [187, 1, 0, 7, 32, 180, 226, 0, 0, 164]
2022-05-13 10:32:01:scripts.lib_firmware:10000:277ERROR Error anch 7
2022-05-13 10:32:47:scripts.lib_firmware:7068:285ERROR started anchor 1 didn`t answer 10 times 178
2022-05-13 10:32:48:scripts.lib_firmware:7068:285ERROR started anchor 2 didn`t answer 10 times 178
2022-05-13 10:32:50:scripts.lib_firmware:7068:285ERROR started anchor 3 didn`t answer 10 times 178
2022-05-13 10:32:51:scripts.lib_firmware:7068:285ERROR started anchor 4 didn`t answer 10 times 178
2022-05-13 10:32:53:scripts.lib_firmware:7068:285ERROR started anchor 5 didn`t answer 10 times 178
2022-05-13 10:32:54:scripts.lib_firmware:7068:285ERROR started anchor 6 didn`t answer 10 times 178
2022-05-13 10:32:56:scripts.lib_firmware:7068:335ERROR started anchor 7 didn`t answer 10 times 179
2022-05-13 10:39:03:scripts.lib_firmware:1168:285ERROR started anchor 1 didn`t answer 10 times 178
2022-05-13 10:39:04:scripts.lib_firmware:1168:285ERROR started anchor 2 didn`t answer 10 times 178
2022-05-13 10:39:05:scripts.lib_firmware:1168:285ERROR started anchor 3 didn`t answer 10 times 178
2022-05-13 10:39:07:scripts.lib_firmware:1168:285ERROR started anchor 4 didn`t answer 10 times 178
2022-05-13 10:39:08:scripts.lib_firmware:1168:285ERROR started anchor 5 didn`t answer 10 times 178
2022-05-13 10:39:10:scripts.lib_firmware:1168:285ERROR started anchor 6 didn`t answer 10 times 178
2022-05-13 10:39:12:scripts.lib_firmware:1168:335ERROR started anchor 7 didn`t answer 10 times 179
2022-05-13 10:40:00:scripts.lib_firmware:8704:285ERROR started anchor 1 didn`t answer 10 times 178
2022-05-13 10:40:01:scripts.lib_firmware:8704:285ERROR started anchor 2 didn`t answer 10 times 178
2022-05-13 10:40:03:scripts.lib_firmware:8704:285ERROR started anchor 3 didn`t answer 10 times 178
2022-05-13 10:40:04:scripts.lib_firmware:8704:285ERROR started anchor 4 didn`t answer 10 times 178
2022-05-13 10:40:06:scripts.lib_firmware:8704:285ERROR started anchor 5 didn`t answer 10 times 178
2022-05-13 10:40:10:scripts.lib_firmware:3652:285ERROR started anchor 1 didn`t answer 10 times 178
2022-05-13 10:40:11:scripts.lib_firmware:3652:285ERROR started anchor 2 didn`t answer 10 times 178
2022-05-13 10:40:13:scripts.lib_firmware:3652:285ERROR started anchor 3 didn`t answer 10 times 178
2022-05-13 10:40:14:scripts.lib_firmware:3652:285ERROR started anchor 4 didn`t answer 10 times 178
2022-05-13 10:40:16:scripts.lib_firmware:3652:285ERROR started anchor 5 didn`t answer 10 times 178
2022-05-13 10:40:17:scripts.lib_firmware:3652:285ERROR started anchor 6 didn`t answer 10 times 178
2022-05-13 10:40:26:scripts.lib_firmware:3652:55ERROR Флеш не очищена [187, 1, 0, 7, 32, 180, 226, 0, 0, 164]
2022-05-13 10:40:26:scripts.lib_firmware:3652:277ERROR Error anch 7
2022-05-13 10:40:33:scripts.lib_firmware:1776:285ERROR started anchor 1 didn`t answer 10 times 178
2022-05-13 10:40:34:scripts.lib_firmware:1776:285ERROR started anchor 2 didn`t answer 10 times 178
2022-05-13 10:40:36:scripts.lib_firmware:1776:285ERROR started anchor 3 didn`t answer 10 times 178
2022-05-13 10:40:37:scripts.lib_firmware:1776:285ERROR started anchor 4 didn`t answer 10 times 178
2022-05-13 10:40:39:scripts.lib_firmware:1776:285ERROR started anchor 5 didn`t answer 10 times 178
2022-05-13 10:40:40:scripts.lib_firmware:1776:285ERROR started anchor 6 didn`t answer 10 times 178
2022-05-13 10:40:49:scripts.lib_firmware:1776:55ERROR Флеш не очищена [187, 1, 0, 7, 32, 180, 226, 0, 0, 164]
2022-05-13 10:40:49:scripts.lib_firmware:1776:277ERROR Error anch 7
2022-05-13 10:40:58:scripts.lib_firmware:5184:285ERROR started anchor 1 didn`t answer 10 times 178
2022-05-13 10:40:59:scripts.lib_firmware:5184:285ERROR started anchor 2 didn`t answer 10 times 178
2022-05-13 10:41:00:scripts.lib_firmware:5184:285ERROR started anchor 3 didn`t answer 10 times 178
2022-05-13 10:41:02:scripts.lib_firmware:5184:285ERROR started anchor 4 didn`t answer 10 times 178
2022-05-13 10:41:03:scripts.lib_firmware:5184:285ERROR started anchor 5 didn`t answer 10 times 178
2022-05-13 10:41:05:scripts.lib_firmware:5184:285ERROR started anchor 6 didn`t answer 10 times 178
2022-05-13 10:41:07:scripts.lib_firmware:5184:336ERROR started anchor 7 didn`t answer 10 times 179
2022-05-13 10:43:40:scripts.lib_firmware:8924:285ERROR started anchor 1 didn`t answer 10 times 178
2022-05-13 10:43:42:scripts.lib_firmware:8924:285ERROR started anchor 2 didn`t answer 10 times 178
2022-05-13 10:43:43:scripts.lib_firmware:8924:285ERROR started anchor 3 didn`t answer 10 times 178
2022-05-13 10:43:45:scripts.lib_firmware:8924:285ERROR started anchor 4 didn`t answer 10 times 178
2022-05-13 10:43:46:scripts.lib_firmware:8924:285ERROR started anchor 5 didn`t answer 10 times 178
2022-05-13 10:43:47:scripts.lib_firmware:8924:285ERROR started anchor 6 didn`t answer 10 times 178
2022-05-13 10:43:57:scripts.lib_firmware:8924:55ERROR Флеш не очищена [187, 1, 0, 7, 32, 180, 226, 0, 0, 164]
2022-05-13 10:43:57:scripts.lib_firmware:8924:277ERROR Error anch 7
2022-05-13 10:44:04:scripts.lib_firmware:5504:285ERROR started anchor 1 didn`t answer 10 times 178
2022-05-13 10:44:05:scripts.lib_firmware:5504:285ERROR started anchor 2 didn`t answer 10 times 178
2022-05-13 10:44:07:scripts.lib_firmware:5504:285ERROR started anchor 3 didn`t answer 10 times 178
2022-05-13 10:44:08:scripts.lib_firmware:5504:285ERROR started anchor 4 didn`t answer 10 times 178
2022-05-13 10:44:10:scripts.lib_firmware:5504:285ERROR started anchor 5 didn`t answer 10 times 178
2022-05-13 10:44:11:scripts.lib_firmware:5504:285ERROR started anchor 6 didn`t answer 10 times 178
2022-05-13 10:44:20:scripts.lib_firmware:5504:55ERROR Флеш не очищена [187, 1, 0, 7, 32, 180, 226, 0, 0, 164]
2022-05-13 10:44:20:scripts.lib_firmware:5504:277ERROR Error anch 7
2022-05-13 10:44:40:scripts.lib_firmware:11980:285ERROR started anchor 1 didn`t answer 10 times 178
2022-05-13 10:44:41:scripts.lib_firmware:11980:285ERROR started anchor 2 didn`t answer 10 times 178
2022-05-13 10:44:43:scripts.lib_firmware:11980:285ERROR started anchor 3 didn`t answer 10 times 178
2022-05-13 10:44:44:scripts.lib_firmware:11980:285ERROR started anchor 4 didn`t answer 10 times 178
2022-05-13 10:44:46:scripts.lib_firmware:11980:285ERROR started anchor 5 didn`t answer 10 times 178
2022-05-13 10:44:47:scripts.lib_firmware:11980:285ERROR started anchor 6 didn`t answer 10 times 178
2022-05-13 10:44:56:scripts.lib_firmware:11980:55ERROR Флеш не очищена [187, 1, 0, 7, 32, 180, 226, 0, 0, 164]
2022-05-13 10:44:56:scripts.lib_firmware:11980:277ERROR Error anch 7
2022-05-13 10:45:03:scripts.lib_firmware:9096:285ERROR started anchor 1 didn`t answer 10 times 178
2022-05-13 10:45:04:scripts.lib_firmware:9096:285ERROR started anchor 2 didn`t answer 10 times 178
2022-05-13 10:45:05:scripts.lib_firmware:9096:285ERROR started anchor 3 didn`t answer 10 times 178
2022-05-13 10:45:07:scripts.lib_firmware:9096:285ERROR started anchor 4 didn`t answer 10 times 178
2022-05-13 10:45:08:scripts.lib_firmware:9096:285ERROR started anchor 5 didn`t answer 10 times 178
2022-05-13 10:45:10:scripts.lib_firmware:9096:285ERROR started anchor 6 didn`t answer 10 times 178
2022-05-13 10:47:03:scripts.lib_firmware:8472:285ERROR started anchor 1 didn`t answer 10 times 178
2022-05-13 10:47:04:scripts.lib_firmware:8472:285ERROR started anchor 2 didn`t answer 10 times 178
2022-05-13 10:47:05:scripts.lib_firmware:8472:285ERROR started anchor 3 didn`t answer 10 times 178
2022-05-13 10:47:07:scripts.lib_firmware:8472:285ERROR started anchor 4 didn`t answer 10 times 178
2022-05-13 10:47:08:scripts.lib_firmware:8472:285ERROR started anchor 5 didn`t answer 10 times 178
2022-05-13 10:47:10:scripts.lib_firmware:8472:285ERROR started anchor 6 didn`t answer 10 times 178
2022-05-13 10:49:07:scripts.lib_firmware:5904:285ERROR started anchor 1 didn`t answer 10 times 178
2022-05-13 10:49:08:scripts.lib_firmware:5904:285ERROR started anchor 2 didn`t answer 10 times 178
2022-05-13 10:49:09:scripts.lib_firmware:5904:285ERROR started anchor 3 didn`t answer 10 times 178
2022-05-13 10:49:11:scripts.lib_firmware:5904:285ERROR started anchor 4 didn`t answer 10 times 178
2022-05-13 10:49:12:scripts.lib_firmware:5904:285ERROR started anchor 5 didn`t answer 10 times 178
2022-05-13 10:49:14:scripts.lib_firmware:5904:285ERROR started anchor 6 didn`t answer 10 times 178
2022-05-13 10:49:23:scripts.lib_firmware:5904:55ERROR Флеш не очищена [187, 1, 0, 7, 32, 180, 226, 0, 0, 164]
2022-05-13 10:49:23:scripts.lib_firmware:5904:277ERROR Error anch 7
2022-05-13 10:49:33:scripts.lib_firmware:6236:285ERROR started anchor 1 didn`t answer 10 times 178
2022-05-13 10:49:35:scripts.lib_firmware:6236:285ERROR started anchor 2 didn`t answer 10 times 178
2022-05-13 10:49:36:scripts.lib_firmware:6236:285ERROR started anchor 3 didn`t answer 10 times 178
2022-05-13 10:49:38:scripts.lib_firmware:6236:285ERROR started anchor 4 didn`t answer 10 times 178
2022-05-13 10:49:39:scripts.lib_firmware:6236:285ERROR started anchor 5 didn`t answer 10 times 178
2022-05-13 10:49:41:scripts.lib_firmware:6236:285ERROR started anchor 6 didn`t answer 10 times 178
2022-05-13 10:49:50:scripts.lib_firmware:6236:55ERROR Флеш не очищена [187, 1, 0, 7, 32, 180, 226, 0, 0, 164]
2022-05-13 10:49:50:scripts.lib_firmware:6236:277ERROR Error anch 7
2022-05-13 11:04:34:scripts.lib_firmware:10480:285ERROR started anchor 1 didn`t answer 10 times 178
2022-05-13 11:04:35:scripts.lib_firmware:10480:285ERROR started anchor 2 didn`t answer 10 times 178
2022-05-13 11:04:37:scripts.lib_firmware:10480:285ERROR started anchor 3 didn`t answer 10 times 178
2022-05-13 11:04:38:scripts.lib_firmware:10480:285ERROR started anchor 4 didn`t answer 10 times 178
2022-05-13 11:04:39:scripts.lib_firmware:10480:285ERROR started anchor 5 didn`t answer 10 times 178
2022-05-13 11:04:41:scripts.lib_firmware:10480:285ERROR started anchor 6 didn`t answer 10 times 178
2022-05-13 11:04:50:scripts.lib_firmware:10480:55ERROR Флеш не очищена [187, 1, 0, 7, 32, 180, 226, 0, 0, 164]
2022-05-13 11:04:50:scripts.lib_firmware:10480:277ERROR Error anch 7
2022-05-13 11:05:04:scripts.lib_firmware:8352:285ERROR started anchor 1 didn`t answer 10 times 178
2022-05-13 11:05:06:scripts.lib_firmware:8352:285ERROR started anchor 2 didn`t answer 10 times 178
2022-05-13 11:05:07:scripts.lib_firmware:8352:285ERROR started anchor 3 didn`t answer 10 times 178
2022-05-13 11:05:09:scripts.lib_firmware:8352:285ERROR started anchor 4 didn`t answer 10 times 178
2022-05-13 11:05:10:scripts.lib_firmware:8352:285ERROR started anchor 5 didn`t answer 10 times 178
2022-05-13 11:05:11:scripts.lib_firmware:8352:285ERROR started anchor 6 didn`t answer 10 times 178
2022-05-13 11:05:21:scripts.lib_firmware:8352:55ERROR Флеш не очищена [187, 1, 0, 7, 32, 180, 226, 0, 0, 164]
2022-05-13 11:05:21:scripts.lib_firmware:8352:277ERROR Error anch 7
2022-05-13 11:08:04:scripts.lib_firmware:9432:285ERROR started anchor 1 didn`t answer 10 times 178
2022-05-13 11:08:06:scripts.lib_firmware:9432:285ERROR started anchor 2 didn`t answer 10 times 178
2022-05-13 11:08:07:scripts.lib_firmware:9432:285ERROR started anchor 3 didn`t answer 10 times 178
2022-05-13 11:08:08:scripts.lib_firmware:9432:285ERROR started anchor 4 didn`t answer 10 times 178
2022-05-13 11:08:10:scripts.lib_firmware:9432:285ERROR started anchor 5 didn`t answer 10 times 178
2022-05-13 11:08:11:scripts.lib_firmware:9432:285ERROR started anchor 6 didn`t answer 10 times 178
2022-05-13 11:08:13:scripts.lib_firmware:9432:336ERROR started anchor 7 didn`t answer 10 times 179
2022-05-13 11:08:22:scripts.lib_firmware:9432:363ERROR completed anchor 7 didn`t answer 10 times 179
2022-05-13 11:08:22:scripts.lib_firmware:9432:363ERROR completed anchor 7 didn`t answer 10 times 179
2022-05-13 11:08:22:scripts.lib_firmware:9432:363ERROR completed anchor 7 didn`t answer 10 times 179
2022-05-13 11:08:22:scripts.lib_firmware:9432:363ERROR completed anchor 7 didn`t answer 10 times 179
2022-05-13 11:08:22:scripts.lib_firmware:9432:363ERROR completed anchor 7 didn`t answer 10 times 179
2022-05-13 11:08:22:scripts.lib_firmware:9432:363ERROR completed anchor 7 didn`t answer 10 times 179
2022-05-13 11:08:22:scripts.lib_firmware:9432:363ERROR completed anchor 7 didn`t answer 10 times 179
2022-05-13 11:08:22:scripts.lib_firmware:9432:363ERROR completed anchor 7 didn`t answer 10 times 179
2022-05-13 11:08:23:scripts.lib_firmware:9432:363ERROR completed anchor 7 didn`t answer 10 times 179
2022-05-13 11:08:23:scripts.lib_firmware:9432:363ERROR completed anchor 7 didn`t answer 10 times 179
2022-05-13 11:08:23:scripts.lib_firmware:9432:363ERROR completed anchor 7 didn`t answer 10 times 179
2022-05-13 11:08:23:scripts.lib_firmware:9432:363ERROR completed anchor 7 didn`t answer 10 times 179
2022-05-13 11:08:23:scripts.lib_firmware:9432:55ERROR Флеш не очищена [187, 1, 0, 7, 32, 180, 226, 0, 0, 164]
2022-05-13 11:08:23:scripts.lib_firmware:9432:277ERROR Error anch 7
2022-05-13 11:10:51:scripts.lib_firmware:7792:285ERROR started anchor 1 didn`t answer 10 times 178
2022-05-13 11:10:53:scripts.lib_firmware:7792:285ERROR started anchor 2 didn`t answer 10 times 178
2022-05-13 11:10:54:scripts.lib_firmware:7792:285ERROR started anchor 3 didn`t answer 10 times 178
2022-05-13 11:10:56:scripts.lib_firmware:7792:285ERROR started anchor 4 didn`t answer 10 times 178
2022-05-13 11:10:57:scripts.lib_firmware:7792:285ERROR started anchor 5 didn`t answer 10 times 178
2022-05-13 11:10:59:scripts.lib_firmware:7792:285ERROR started anchor 6 didn`t answer 10 times 178
2022-05-13 11:11:08:scripts.lib_firmware:7792:55ERROR Флеш не очищена [187, 1, 0, 7, 32, 180, 226, 0, 0, 164]
2022-05-13 11:11:08:scripts.lib_firmware:7792:277ERROR Error anch 7
2022-05-13 11:13:10:scripts.lib_firmware:12828:285ERROR started anchor 1 didn`t answer 10 times 178
2022-05-13 11:13:12:scripts.lib_firmware:12828:285ERROR started anchor 2 didn`t answer 10 times 178
2022-05-13 11:13:13:scripts.lib_firmware:12828:285ERROR started anchor 3 didn`t answer 10 times 178
2022-05-13 11:13:14:scripts.lib_firmware:12828:285ERROR started anchor 4 didn`t answer 10 times 178
2022-05-13 11:13:16:scripts.lib_firmware:12828:285ERROR started anchor 5 didn`t answer 10 times 178
2022-05-13 11:13:17:scripts.lib_firmware:12828:285ERROR started anchor 6 didn`t answer 10 times 178
2022-05-13 11:13:19:scripts.lib_firmware:12828:336ERROR started anchor 7 didn`t answer 10 times 179
2022-05-13 11:14:20:scripts.lib_firmware:12828:285ERROR started anchor 7 didn`t answer 10 times 181
2022-05-13 13:50:24:scripts.lib_firmware:5764:285ERROR started anchor 1 didn`t answer 10 times 178
2022-05-13 13:50:26:scripts.lib_firmware:5764:285ERROR started anchor 2 didn`t answer 10 times 178
2022-05-13 13:50:27:scripts.lib_firmware:5764:285ERROR started anchor 3 didn`t answer 10 times 178
2022-05-13 13:50:29:scripts.lib_firmware:5764:285ERROR started anchor 4 didn`t answer 10 times 178
2022-05-13 13:50:30:scripts.lib_firmware:5764:285ERROR started anchor 5 didn`t answer 10 times 178
2022-05-13 13:50:31:scripts.lib_firmware:5764:285ERROR started anchor 6 didn`t answer 10 times 178
2022-05-13 13:50:33:scripts.lib_firmware:5764:285ERROR started anchor 7 didn`t answer 10 times 178
2022-05-13 13:51:14:scripts.lib_firmware:3452:285ERROR started anchor 1 didn`t answer 10 times 178
2022-05-13 13:51:15:scripts.lib_firmware:3452:285ERROR started anchor 2 didn`t answer 10 times 178
2022-05-13 13:51:17:scripts.lib_firmware:3452:285ERROR started anchor 3 didn`t answer 10 times 178
2022-05-13 13:51:18:scripts.lib_firmware:3452:285ERROR started anchor 4 didn`t answer 10 times 178
2022-05-13 13:51:20:scripts.lib_firmware:3452:285ERROR started anchor 5 didn`t answer 10 times 178
2022-05-13 13:51:21:scripts.lib_firmware:3452:285ERROR started anchor 6 didn`t answer 10 times 178
2022-05-13 13:51:23:scripts.lib_firmware:3452:285ERROR started anchor 7 didn`t answer 10 times 178
2022-05-13 13:55:35:scripts.lib_firmware:5704:288ERROR started anchor 1 didn`t answer 10 times 178
2022-05-13 13:55:36:scripts.lib_firmware:5704:288ERROR started anchor 2 didn`t answer 10 times 178
2022-05-13 13:55:38:scripts.lib_firmware:5704:288ERROR started anchor 3 didn`t answer 10 times 178
2022-05-13 13:55:39:scripts.lib_firmware:5704:288ERROR started anchor 4 didn`t answer 10 times 178
2022-05-13 13:55:41:scripts.lib_firmware:5704:288ERROR started anchor 5 didn`t answer 10 times 178
2022-05-13 13:55:42:scripts.lib_firmware:5704:288ERROR started anchor 6 didn`t answer 10 times 178
2022-05-13 13:55:42:scripts.lib_firmware:5704:280ERROR Error anch 7
2022-05-13 13:56:38:scripts.lib_firmware:9572:288ERROR started anchor 1 didn`t answer 10 times 178
2022-05-13 13:56:40:scripts.lib_firmware:9572:288ERROR started anchor 2 didn`t answer 10 times 178
2022-05-13 13:56:41:scripts.lib_firmware:9572:288ERROR started anchor 3 didn`t answer 10 times 178
2022-05-13 13:56:43:scripts.lib_firmware:9572:288ERROR started anchor 4 didn`t answer 10 times 178
2022-05-13 13:56:44:scripts.lib_firmware:9572:288ERROR started anchor 5 didn`t answer 10 times 178
2022-05-13 13:56:45:scripts.lib_firmware:9572:288ERROR started anchor 6 didn`t answer 10 times 178
2022-05-13 13:56:46:scripts.lib_firmware:9572:280ERROR Error anch 7
2022-05-13 14:10:08:scripts.lib_firmware:11948:287ERROR started anchor 1 didn`t answer 10 times 178
2022-05-13 14:10:09:scripts.lib_firmware:11948:287ERROR started anchor 2 didn`t answer 10 times 178
2022-05-13 14:10:11:scripts.lib_firmware:11948:287ERROR started anchor 3 didn`t answer 10 times 178
2022-05-13 14:10:12:scripts.lib_firmware:11948:287ERROR started anchor 4 didn`t answer 10 times 178
2022-05-13 14:10:14:scripts.lib_firmware:11948:287ERROR started anchor 5 didn`t answer 10 times 178
2022-05-13 14:10:15:scripts.lib_firmware:11948:287ERROR started anchor 6 didn`t answer 10 times 178
2022-05-13 14:10:24:scripts.lib_firmware:11948:61ERROR Запись в запрещенный сектор(область загрузчика или настроек) [187, 1, 0, 7, 32, 180, 228, 212, 0, 27]
2022-05-13 14:10:24:scripts.lib_firmware:11948:280ERROR Error anch 7
2022-05-13 14:17:59:scripts.lib_firmware:11816:287ERROR started anchor 1 didn`t answer 10 times 178
2022-05-13 14:18:00:scripts.lib_firmware:11816:287ERROR started anchor 2 didn`t answer 10 times 178
2022-05-13 14:18:02:scripts.lib_firmware:11816:287ERROR started anchor 3 didn`t answer 10 times 178
2022-05-13 14:18:03:scripts.lib_firmware:11816:287ERROR started anchor 4 didn`t answer 10 times 178
2022-05-13 14:18:05:scripts.lib_firmware:11816:287ERROR started anchor 5 didn`t answer 10 times 178
2022-05-13 14:18:06:scripts.lib_firmware:11816:287ERROR started anchor 6 didn`t answer 10 times 178
2022-05-13 14:35:11:scripts.lib_firmware:9868:290ERROR started anchor 1 didn`t answer 10 times 178
2022-05-13 14:35:13:scripts.lib_firmware:9868:290ERROR started anchor 2 didn`t answer 10 times 178
2022-05-13 14:35:14:scripts.lib_firmware:9868:290ERROR started anchor 3 didn`t answer 10 times 178
2022-05-13 14:35:16:scripts.lib_firmware:9868:290ERROR started anchor 4 didn`t answer 10 times 178
2022-05-13 14:35:17:scripts.lib_firmware:9868:290ERROR started anchor 5 didn`t answer 10 times 178
2022-05-13 14:35:19:scripts.lib_firmware:9868:290ERROR started anchor 6 didn`t answer 10 times 178
2022-05-13 14:43:17:scripts.lib_firmware:10532:290ERROR started anchor 1 didn`t answer 10 times 178
2022-05-13 14:43:19:scripts.lib_firmware:10532:290ERROR started anchor 2 didn`t answer 10 times 178
2022-05-13 14:43:20:scripts.lib_firmware:10532:290ERROR started anchor 3 didn`t answer 10 times 178
2022-05-13 14:43:22:scripts.lib_firmware:10532:290ERROR started anchor 4 didn`t answer 10 times 178
2022-05-13 14:43:23:scripts.lib_firmware:10532:290ERROR started anchor 5 didn`t answer 10 times 178
2022-05-13 14:43:25:scripts.lib_firmware:10532:290ERROR started anchor 6 didn`t answer 10 times 178
2022-05-13 14:46:08:scripts.lib_firmware:9012:290ERROR started anchor 1 didn`t answer 10 times 178
2022-05-13 14:46:10:scripts.lib_firmware:9012:290ERROR started anchor 2 didn`t answer 10 times 178
2022-05-13 14:46:11:scripts.lib_firmware:9012:290ERROR started anchor 3 didn`t answer 10 times 178
2022-05-13 14:46:12:scripts.lib_firmware:9012:290ERROR started anchor 4 didn`t answer 10 times 178
2022-05-13 14:46:14:scripts.lib_firmware:9012:290ERROR started anchor 5 didn`t answer 10 times 178
2022-05-13 14:46:15:scripts.lib_firmware:9012:290ERROR started anchor 6 didn`t answer 10 times 178
2022-05-13 14:46:25:scripts.lib_firmware:9012:283ERROR Error anch 7
2022-05-13 14:48:07:scripts.lib_firmware:9556:290ERROR started anchor 1 didn`t answer 10 times 178
2022-05-13 14:48:08:scripts.lib_firmware:9556:290ERROR started anchor 2 didn`t answer 10 times 178
2022-05-13 14:48:09:scripts.lib_firmware:9556:290ERROR started anchor 3 didn`t answer 10 times 178
2022-05-13 14:48:11:scripts.lib_firmware:9556:290ERROR started anchor 4 didn`t answer 10 times 178
2022-05-13 14:48:12:scripts.lib_firmware:9556:290ERROR started anchor 5 didn`t answer 10 times 178
2022-05-13 14:48:14:scripts.lib_firmware:9556:290ERROR started anchor 6 didn`t answer 10 times 178
2022-05-13 14:49:17:scripts.lib_firmware:9556:290ERROR started anchor 7 didn`t answer 10 times 181
