2022-05-13 09:44:35:Не удалось записать данные во флеш [187, 1, 0, 7, 32, 180, 229, 65, 0, 136]
2022-05-13 09:44:35:Error anch 7
2022-05-13 09:49:19:Не удалось записать данные во флеш [187, 1, 0, 7, 32, 180, 229, 212, 0, 148]
2022-05-13 09:49:19:Error anch 7
2022-05-13 09:51:05:started anchor 1 didn`t answer 10 times 178
2022-05-13 09:51:06:started anchor 2 didn`t answer 10 times 178
2022-05-13 09:51:08:started anchor 3 didn`t answer 10 times 178
2022-05-13 09:51:09:started anchor 4 didn`t answer 10 times 178
2022-05-13 09:51:11:started anchor 5 didn`t answer 10 times 178
2022-05-13 09:51:12:started anchor 6 didn`t answer 10 times 178
2022-05-13 09:51:22:Не удалось записать данные во флеш [187, 1, 0, 7, 32, 180, 229, 212, 0, 148]
2022-05-13 09:51:22:Error anch 7
2022-05-13 10:00:26:started anchor 1 didn`t answer 10 times 178
2022-05-13 10:00:27:started anchor 2 didn`t answer 10 times 178
2022-05-13 10:00:29:started anchor 3 didn`t answer 10 times 178
2022-05-13 10:00:30:started anchor 4 didn`t answer 10 times 178
2022-05-13 10:00:32:started anchor 5 didn`t answer 10 times 178
2022-05-13 10:00:33:started anchor 6 didn`t answer 10 times 178
2022-05-13 10:00:35:started anchor 7 didn`t answer 10 times 179
2022-05-13 10:11:34:started anchor 1 didn`t answer 10 times 178
2022-05-13 10:11:36:started anchor 2 didn`t answer 10 times 178
2022-05-13 10:11:37:started anchor 3 didn`t answer 10 times 178
2022-05-13 10:11:38:started anchor 4 didn`t answer 10 times 178
2022-05-13 10:11:40:started anchor 5 didn`t answer 10 times 178
2022-05-13 10:11:41:started anchor 6 didn`t answer 10 times 178
2022-05-13 10:11:51:Флеш не очищена [187, 1, 0, 7, 32, 180, 226, 0, 0, 164]
2022-05-13 10:11:51:Error anch 7
2022-05-13 10:13:09:started anchor 1 didn`t answer 10 times 178
2022-05-13 10:13:10:started anchor 2 didn`t answer 10 times 178
2022-05-13 10:13:12:started anchor 3 didn`t answer 10 times 178
2022-05-13 10:13:13:started anchor 4 didn`t answer 10 times 178
2022-05-13 10:13:15:started anchor 5 didn`t answer 10 times 178
2022-05-13 10:13:16:started anchor 6 didn`t answer 10 times 178
2022-05-13 10:13:18:started anchor 7 didn`t answer 10 times 179
2022-05-13 10:14:54:started anchor 1 didn`t answer 10 times 178
2022-05-13 10:14:56:started anchor 2 didn`t answer 10 times 178
2022-05-13 10:14:57:started anchor 3 didn`t answer 10 times 178
2022-05-13 10:14:59:started anchor 4 didn`t answer 10 times 178
2022-05-13 10:15:00:started anchor 5 didn`t answer 10 times 178
2022-05-13 10:15:01:started anchor 6 didn`t answer 10 times 178
2022-05-13 10:16:04:Флеш не очищена [187, 1, 0, 7, 32, 180, 226, 0, 0, 164]
2022-05-13 10:16:04:Error anch 7
2022-05-13 10:16:23:started anchor 1 didn`t answer 10 times 178
2022-05-13 10:16:24:started anchor 2 didn`t answer 10 times 178
2022-05-13 10:16:26:started anchor 3 didn`t answer 10 times 178
2022-05-13 10:16:27:started anchor 4 didn`t answer 10 times 178
2022-05-13 10:16:29:started anchor 5 didn`t answer 10 times 178
2022-05-13 10:16:30:started anchor 6 didn`t answer 10 times 178
2022-05-13 10:17:18:Флеш не очищена [187, 1, 0, 7, 32, 180, 226, 0, 0, 164]
2022-05-13 10:17:18:Error anch 7
2022-05-13 10:17:31:started anchor 1 didn`t answer 10 times 178
2022-05-13 10:17:32:started anchor 2 didn`t answer 10 times 178
2022-05-13 10:17:34:started anchor 3 didn`t answer 10 times 178
2022-05-13 10:17:35:started anchor 4 didn`t answer 10 times 178
2022-05-13 10:17:36:started anchor 5 didn`t answer 10 times 178
2022-05-13 10:17:38:started anchor 6 didn`t answer 10 times 178
2022-05-13 10:17:47:Флеш не очищена [187, 1, 0, 7, 32, 180, 226, 0, 0, 164]
2022-05-13 10:17:47:Error anch 7
2022-05-13 10:17:57:started anchor 1 didn`t answer 10 times 178
2022-05-13 10:17:59:started anchor 2 didn`t answer 10 times 178
2022-05-13 10:18:00:started anchor 3 didn`t answer 10 times 178
2022-05-13 10:18:02:started anchor 4 didn`t answer 10 times 178
2022-05-13 10:18:03:started anchor 5 didn`t answer 10 times 178
2022-05-13 10:18:05:started anchor 6 didn`t answer 10 times 178
2022-05-13 10:18:14:Флеш не очищена [187, 1, 0, 7, 32, 180, 226, 0, 0, 164]
2022-05-13 10:18:14:Error anch 7
2022-05-13 10:20:20:started anchor 1 didn`t answer 10 times 178
2022-05-13 10:20:21:started anchor 2 didn`t answer 10 times 178
2022-05-13 10:20:23:started anchor 3 didn`t answer 10 times 178
2022-05-13 10:20:24:started anchor 4 didn`t answer 10 times 178
2022-05-13 10:20:26:started anchor 5 didn`t answer 10 times 178
2022-05-13 10:20:27:started anchor 6 didn`t answer 10 times 178
2022-05-13 10:20:36:Флеш не очищена [187, 1, 0, 7, 32, 180, 226, 0, 0, 164]
2022-05-13 10:20:36:Error anch 7
2022-05-13 10:29:22:started anchor 1 didn`t answer 10 times 178
2022-05-13 10:29:24:started anchor 2 didn`t answer 10 times 178
2022-05-13 10:29:25:started anchor 3 didn`t answer 10 times 178
2022-05-13 10:29:27:started anchor 4 didn`t answer 10 times 178
2022-05-13 10:29:28:started anchor 5 didn`t answer 10 times 178
2022-05-13 10:29:30:started anchor 6 didn`t answer 10 times 178
2022-05-13 10:29:39:Флеш не очищена [187, 1, 0, 7, 32, 180, 226, 0, 0, 164]
2022-05-13 10:29:39:Error anch 7
2022-05-13 10:30:58:started anchor 1 didn`t answer 10 times 178
2022-05-13 10:30:59:started anchor 2 didn`t answer 10 times 178
2022-05-13 10:31:01:started anchor 3 didn`t answer 10 times 178
2022-05-13 10:31:02:started anchor 4 didn`t answer 10 times 178
2022-05-13 10:31:04:started anchor 5 didn`t answer 10 times 178
2022-05-13 10:31:05:started anchor 6 didn`t answer 10 times 178
2022-05-13 10:31:14:Флеш не очищена [187, 1, 0, 7, 32, 180, 226, 0, 0, 164]
2022-05-13 10:31:14:Error anch 7
2022-05-13 10:31:22:started anchor 1 didn`t answer 10 times 178
2022-05-13 10:31:23:started anchor 2 didn`t answer 10 times 178
2022-05-13 10:31:25:started anchor 3 didn`t answer 10 times 178
2022-05-13 10:31:26:started anchor 4 didn`t answer 10 times 178
2022-05-13 10:31:28:started anchor 5 didn`t answer 10 times 178
2022-05-13 10:31:29:started anchor 6 didn`t answer 10 times 178
2022-05-13 10:31:39:Флеш не очищена [187, 1, 0, 7, 32, 180, 226, 0, 0, 164]
2022-05-13 10:31:39:Error anch 7
2022-05-13 10:31:45:started anchor 1 didn`t answer 10 times 178
2022-05-13 10:31:46:started anchor 2 didn`t answer 10 times 178
2022-05-13 10:31:48:started anchor 3 didn`t answer 10 times 178
2022-05-13 10:31:49:started anchor 4 didn`t answer 10 times 178
2022-05-13 10:31:51:started anchor 5 didn`t answer 10 times 178
2022-05-13 10:31:52:started anchor 6 didn`t answer 10 times 178
2022-05-13 10:32:01:Флеш не очищена [187, 1, 0, 7, 32, 180, 226, 0, 0, 164]
2022-05-13 10:32:01:Error anch 7
2022-05-13 10:32:47:started anchor 1 didn`t answer 10 times 178
2022-05-13 10:32:48:started anchor 2 didn`t answer 10 times 178
2022-05-13 10:32:50:started anchor 3 didn`t answer 10 times 178
2022-05-13 10:32:51:started anchor 4 didn`t answer 10 times 178
2022-05-13 10:32:53:started anchor 5 didn`t answer 10 times 178
2022-05-13 10:32:54:started anchor 6 didn`t answer 10 times 178
2022-05-13 10:32:56:started anchor 7 didn`t answer 10 times 179
2022-05-13 10:39:03:started anchor 1 didn`t answer 10 times 178
2022-05-13 10:39:04:started anchor 2 didn`t answer 10 times 178
2022-05-13 10:39:05:started anchor 3 didn`t answer 10 times 178
2022-05-13 10:39:07:started anchor 4 didn`t answer 10 times 178
2022-05-13 10:39:08:started anchor 5 didn`t answer 10 times 178
2022-05-13 10:39:10:started anchor 6 didn`t answer 10 times 178
2022-05-13 10:39:12:started anchor 7 didn`t answer 10 times 179
2022-05-13 10:40:00:started anchor 1 didn`t answer 10 times 178
2022-05-13 10:40:01:started anchor 2 didn`t answer 10 times 178
2022-05-13 10:40:03:started anchor 3 didn`t answer 10 times 178
2022-05-13 10:40:04:started anchor 4 didn`t answer 10 times 178
2022-05-13 10:40:06:started anchor 5 didn`t answer 10 times 178
2022-05-13 10:40:10:started anchor 1 didn`t answer 10 times 178
2022-05-13 10:40:11:started anchor 2 didn`t answer 10 times 178
2022-05-13 10:40:13:started anchor 3 didn`t answer 10 times 178
2022-05-13 10:40:14:started anchor 4 didn`t answer 10 times 178
2022-05-13 10:40:16:started anchor 5 didn`t answer 10 times 178
2022-05-13 10:40:17:started anchor 6 didn`t answer 10 times 178
2022-05-13 10:40:26:Флеш не очищена [187, 1, 0, 7, 32, 180, 226, 0, 0, 164]
2022-05-13 10:40:26:Error anch 7
2022-05-13 10:40:33:started anchor 1 didn`t answer 10 times 178
2022-05-13 10:40:34:started anchor 2 didn`t answer 10 times 178
2022-05-13 10:40:36:started anchor 3 didn`t answer 10 times 178
2022-05-13 10:40:37:started anchor 4 didn`t answer 10 times 178
2022-05-13 10:40:39:started anchor 5 didn`t answer 10 times 178
2022-05-13 10:40:40:started anchor 6 didn`t answer 10 times 178
2022-05-13 10:40:49:Флеш не очищена [187, 1, 0, 7, 32, 180, 226, 0, 0, 164]
2022-05-13 10:40:49:Error anch 7
2022-05-13 10:40:58:started anchor 1 didn`t answer 10 times 178
2022-05-13 10:40:59:started anchor 2 didn`t answer 10 times 178
2022-05-13 10:41:00:started anchor 3 didn`t answer 10 times 178
2022-05-13 10:41:02:started anchor 4 didn`t answer 10 times 178
2022-05-13 10:41:03:started anchor 5 didn`t answer 10 times 178
2022-05-13 10:41:05:started anchor 6 didn`t answer 10 times 178
2022-05-13 10:41:07:started anchor 7 didn`t answer 10 times 179
2022-05-13 10:43:40:started anchor 1 didn`t answer 10 times 178
2022-05-13 10:43:42:started anchor 2 didn`t answer 10 times 178
2022-05-13 10:43:43:started anchor 3 didn`t answer 10 times 178
2022-05-13 10:43:45:started anchor 4 didn`t answer 10 times 178
2022-05-13 10:43:46:started anchor 5 didn`t answer 10 times 178
2022-05-13 10:43:47:started anchor 6 didn`t answer 10 times 178
2022-05-13 10:43:57:Флеш не очищена [187, 1, 0, 7, 32, 180, 226, 0, 0, 164]
2022-05-13 10:43:57:Error anch 7
2022-05-13 10:44:04:started anchor 1 didn`t answer 10 times 178
2022-05-13 10:44:05:started anchor 2 didn`t answer 10 times 178
2022-05-13 10:44:07:started anchor 3 didn`t answer 10 times 178
2022-05-13 10:44:08:started anchor 4 didn`t answer 10 times 178
2022-05-13 10:44:10:started anchor 5 didn`t answer 10 times 178
2022-05-13 10:44:11:started anchor 6 didn`t answer 10 times 178
2022-05-13 10:44:20:Флеш не очищена [187, 1, 0, 7, 32, 180, 226, 0, 0, 164]
2022-05-13 10:44:20:Error anch 7
2022-05-13 10:44:40:started anchor 1 didn`t answer 10 times 178
2022-05-13 10:44:41:started anchor 2 didn`t answer 10 times 178
2022-05-13 10:44:43:started anchor 3 didn`t answer 10 times 178
2022-05-13 10:44:44:started anchor 4 didn`t answer 10 times 178
2022-05-13 10:44:46:started anchor 5 didn`t answer 10 times 178
2022-05-13 10:44:47:started anchor 6 didn`t answer 10 times 178
2022-05-13 10:44:56:Флеш не очищена [187, 1, 0, 7, 32, 180, 226, 0, 0, 164]
2022-05-13 10:44:56:Error anch 7
2022-05-13 10:45:03:started anchor 1 didn`t answer 10 times 178
2022-05-13 10:45:04:started anchor 2 didn`t answer 10 times 178
2022-05-13 10:45:05:started anchor 3 didn`t answer 10 times 178
2022-05-13 10:45:07:started anchor 4 didn`t answer 10 times 178
2022-05-13 10:45:08:started anchor 5 didn`t answer 10 times 178
2022-05-13 10:45:10:started anchor 6 didn`t answer 10 times 178
2022-05-13 10:47:03:started anchor 1 didn`t answer 10 times 178
2022-05-13 10:47:04:started anchor 2 didn`t answer 10 times 178
2022-05-13 10:47:05:started anchor 3 didn`t answer 10 times 178
2022-05-13 10:47:07:started anchor 4 didn`t answer 10 times 178
2022-05-13 10:47:08:started anchor 5 didn`t answer 10 times 178
2022-05-13 10:47:10:started anchor 6 didn`t answer 10 times 178
2022-05-13 10:49:07:started anchor 1 didn`t answer 10 times 178
2022-05-13 10:49:08:started anchor 2 didn`t answer 10 times 178
2022-05-13 10:49:09:started anchor 3 didn`t answer 10 times 178
2022-05-13 10:49:11:started anchor 4 didn`t answer 10 times 178
2022-05-13 10:49:12:started anchor 5 didn`t answer 10 times 178
2022-05-13 10:49:14:started anchor 6 didn`t answer 10 times 178
2022-05-13 10:49:23:Флеш не очищена [187, 1, 0, 7, 32, 180, 226, 0, 0, 164]
2022-05-13 10:49:23:Error anch 7
2022-05-13 10:49:33:started anchor 1 didn`t answer 10 times 178
2022-05-13 10:49:35:started anchor 2 didn`t answer 10 times 178
2022-05-13 10:49:36:started anchor 3 didn`t answer 10 times 178
2022-05-13 10:49:38:started anchor 4 didn`t answer 10 times 178
2022-05-13 10:49:39:started anchor 5 didn`t answer 10 times 178
2022-05-13 10:49:41:started anchor 6 didn`t answer 10 times 178
2022-05-13 10:49:50:Флеш не очищена [187, 1, 0, 7, 32, 180, 226, 0, 0, 164]
2022-05-13 10:49:50:Error anch 7
2022-05-13 11:04:34:started anchor 1 didn`t answer 10 times 178
2022-05-13 11:04:35:started anchor 2 didn`t answer 10 times 178
2022-05-13 11:04:37:started anchor 3 didn`t answer 10 times 178
2022-05-13 11:04:38:started anchor 4 didn`t answer 10 times 178
2022-05-13 11:04:39:started anchor 5 didn`t answer 10 times 178
2022-05-13 11:04:41:started anchor 6 didn`t answer 10 times 178
2022-05-13 11:04:50:Флеш не очищена [187, 1, 0, 7, 32, 180, 226, 0, 0, 164]
2022-05-13 11:04:50:Error anch 7
2022-05-13 11:05:04:started anchor 1 didn`t answer 10 times 178
2022-05-13 11:05:06:started anchor 2 didn`t answer 10 times 178
2022-05-13 11:05:07:started anchor 3 didn`t answer 10 times 178
2022-05-13 11:05:09:started anchor 4 didn`t answer 10 times 178
2022-05-13 11:05:10:started anchor 5 didn`t answer 10 times 178
2022-05-13 11:05:11:started anchor 6 didn`t answer 10 times 178
2022-05-13 11:05:21:Флеш не очищена [187, 1, 0, 7, 32, 180, 226, 0, 0, 164]
2022-05-13 11:05:21:Error anch 7
2022-05-13 11:08:04:started anchor 1 didn`t answer 10 times 178
2022-05-13 11:08:06:started anchor 2 didn`t answer 10 times 178
2022-05-13 11:08:07:started anchor 3 didn`t answer 10 times 178
2022-05-13 11:08:08:started anchor 4 didn`t answer 10 times 178
2022-05-13 11:08:10:started anchor 5 didn`t answer 10 times 178
2022-05-13 11:08:11:started anchor 6 didn`t answer 10 times 178
2022-05-13 11:08:13:started anchor 7 didn`t answer 10 times 179
2022-05-13 11:08:22:completed anchor 7 didn`t answer 10 times 179
2022-05-13 11:08:22:completed anchor 7 didn`t answer 10 times 179
2022-05-13 11:08:22:completed anchor 7 didn`t answer 10 times 179
2022-05-13 11:08:22:completed anchor 7 didn`t answer 10 times 179
2022-05-13 11:08:22:completed anchor 7 didn`t answer 10 times 179
2022-05-13 11:08:22:completed anchor 7 didn`t answer 10 times 179
2022-05-13 11:08:22:completed anchor 7 didn`t answer 10 times 179
2022-05-13 11:08:22:completed anchor 7 didn`t answer 10 times 179
2022-05-13 11:08:23:completed anchor 7 didn`t answer 10 times 179
2022-05-13 11:08:23:completed anchor 7 didn`t answer 10 times 179
2022-05-13 11:08:23:completed anchor 7 didn`t answer 10 times 179
2022-05-13 11:08:23:completed anchor 7 didn`t answer 10 times 179
2022-05-13 11:08:23:Флеш не очищена [187, 1, 0, 7, 32, 180, 226, 0, 0, 164]
2022-05-13 11:08:23:Error anch 7
2022-05-13 11:10:51:started anchor 1 didn`t answer 10 times 178
2022-05-13 11:10:53:started anchor 2 didn`t answer 10 times 178
2022-05-13 11:10:54:started anchor 3 didn`t answer 10 times 178
2022-05-13 11:10:56:started anchor 4 didn`t answer 10 times 178
2022-05-13 11:10:57:started anchor 5 didn`t answer 10 times 178
2022-05-13 11:10:59:started anchor 6 didn`t answer 10 times 178
2022-05-13 11:11:08:Флеш не очищена [187, 1, 0, 7, 32, 180, 226, 0, 0, 164]
2022-05-13 11:11:08:Error anch 7
2022-05-13 11:13:10:started anchor 1 didn`t answer 10 times 178
2022-05-13 11:13:12:started anchor 2 didn`t answer 10 times 178
2022-05-13 11:13:13:started anchor 3 didn`t answer 10 times 178
2022-05-13 11:13:14:started anchor 4 didn`t answer 10 times 178
2022-05-13 11:13:16:started anchor 5 didn`t answer 10 times 178
2022-05-13 11:13:17:started anchor 6 didn`t answer 10 times 178
2022-05-13 11:13:19:started anchor 7 didn`t answer 10 times 179
2022-05-13 11:14:20:started anchor 7 didn`t answer 10 times 181
2022-05-13 13:50:24:started anchor 1 didn`t answer 10 times 178
2022-05-13 13:50:26:started anchor 2 didn`t answer 10 times 178
2022-05-13 13:50:27:started anchor 3 didn`t answer 10 times 178
2022-05-13 13:50:29:started anchor 4 didn`t answer 10 times 178
2022-05-13 13:50:30:started anchor 5 didn`t answer 10 times 178
2022-05-13 13:50:31:started anchor 6 didn`t answer 10 times 178
2022-05-13 13:50:33:started anchor 7 didn`t answer 10 times 178
2022-05-13 13:51:14:started anchor 1 didn`t answer 10 times 178
2022-05-13 13:51:15:started anchor 2 didn`t answer 10 times 178
2022-05-13 13:51:17:started anchor 3 didn`t answer 10 times 178
2022-05-13 13:51:18:started anchor 4 didn`t answer 10 times 178
2022-05-13 13:51:20:started anchor 5 didn`t answer 10 times 178
2022-05-13 13:51:21:started anchor 6 didn`t answer 10 times 178
2022-05-13 13:51:23:started anchor 7 didn`t answer 10 times 178
2022-05-13 13:55:35:started anchor 1 didn`t answer 10 times 178
2022-05-13 13:55:36:started anchor 2 didn`t answer 10 times 178
2022-05-13 13:55:38:started anchor 3 didn`t answer 10 times 178
2022-05-13 13:55:39:started anchor 4 didn`t answer 10 times 178
2022-05-13 13:55:41:started anchor 5 didn`t answer 10 times 178
2022-05-13 13:55:42:started anchor 6 didn`t answer 10 times 178
2022-05-13 13:55:42:Низкий заряд аккумулятора [187, 1, 0, 7, 32, 178, 231, 0, 0, 68]
2022-05-13 13:55:42:Error anch 7
2022-05-13 13:56:38:started anchor 1 didn`t answer 10 times 178
2022-05-13 13:56:40:started anchor 2 didn`t answer 10 times 178
2022-05-13 13:56:41:started anchor 3 didn`t answer 10 times 178
2022-05-13 13:56:43:started anchor 4 didn`t answer 10 times 178
2022-05-13 13:56:44:started anchor 5 didn`t answer 10 times 178
2022-05-13 13:56:45:started anchor 6 didn`t answer 10 times 178
2022-05-13 13:56:46:Низкий заряд аккумулятора [187, 1, 0, 7, 32, 178, 231, 0, 0, 68]
2022-05-13 13:56:46:Error anch 7
2022-05-13 14:10:08:started anchor 1 didn`t answer 10 times 178
2022-05-13 14:10:09:started anchor 2 didn`t answer 10 times 178
2022-05-13 14:10:11:started anchor 3 didn`t answer 10 times 178
2022-05-13 14:10:12:started anchor 4 didn`t answer 10 times 178
2022-05-13 14:10:14:started anchor 5 didn`t answer 10 times 178
2022-05-13 14:10:15:started anchor 6 didn`t answer 10 times 178
2022-05-13 14:10:24:Запись в запрещенный сектор(область загрузчика или настроек) [187, 1, 0, 7, 32, 180, 228, 212, 0, 27]
2022-05-13 14:10:24:Error anch 7
2022-05-13 14:17:59:started anchor 1 didn`t answer 10 times 178
2022-05-13 14:18:00:started anchor 2 didn`t answer 10 times 178
2022-05-13 14:18:02:started anchor 3 didn`t answer 10 times 178
2022-05-13 14:18:03:started anchor 4 didn`t answer 10 times 178
2022-05-13 14:18:05:started anchor 5 didn`t answer 10 times 178
2022-05-13 14:18:06:started anchor 6 didn`t answer 10 times 178
2022-05-13 14:35:11:started anchor 1 didn`t answer 10 times 178
2022-05-13 14:35:13:started anchor 2 didn`t answer 10 times 178
2022-05-13 14:35:14:started anchor 3 didn`t answer 10 times 178
2022-05-13 14:35:16:started anchor 4 didn`t answer 10 times 178
2022-05-13 14:35:17:started anchor 5 didn`t answer 10 times 178
2022-05-13 14:35:19:started anchor 6 didn`t answer 10 times 178
2022-05-13 14:43:17:started anchor 1 didn`t answer 10 times 178
2022-05-13 14:43:19:started anchor 2 didn`t answer 10 times 178
2022-05-13 14:43:20:started anchor 3 didn`t answer 10 times 178
2022-05-13 14:43:22:started anchor 4 didn`t answer 10 times 178
2022-05-13 14:43:23:started anchor 5 didn`t answer 10 times 178
2022-05-13 14:43:25:started anchor 6 didn`t answer 10 times 178
2022-05-13 14:46:08:started anchor 1 didn`t answer 10 times 178
2022-05-13 14:46:10:started anchor 2 didn`t answer 10 times 178
2022-05-13 14:46:11:started anchor 3 didn`t answer 10 times 178
2022-05-13 14:46:12:started anchor 4 didn`t answer 10 times 178
2022-05-13 14:46:14:started anchor 5 didn`t answer 10 times 178
2022-05-13 14:46:15:started anchor 6 didn`t answer 10 times 178
2022-05-13 14:46:25:Error anch 7
2022-05-13 14:48:07:started anchor 1 didn`t answer 10 times 178
2022-05-13 14:48:08:started anchor 2 didn`t answer 10 times 178
2022-05-13 14:48:09:started anchor 3 didn`t answer 10 times 178
2022-05-13 14:48:11:started anchor 4 didn`t answer 10 times 178
2022-05-13 14:48:12:started anchor 5 didn`t answer 10 times 178
2022-05-13 14:48:14:started anchor 6 didn`t answer 10 times 178
2022-05-13 14:49:17:started anchor 7 didn`t answer 10 times 181
